<?xml version="1.0" encoding="UTF-8"?>
<!-- Generated by org.testng.reporters.JUnitXMLReporter -->
<testsuite ignored="0" hostname="UPLAP1361" failures="1" tests="2" name="Test" time="40.635" errors="0" timestamp="2023-06-22T17:22:24 IST">
  <testcase classname="com.qa.testCases.TC_LoginTest_01" name="loginTest" time="4.105">
    <failure type="java.lang.AssertionError" message="expected [true] but found [false]">
      <![CDATA[java.lang.AssertionError: expected [true] but found [false]
at com.qa.pageObjects.LoginPage.verifyUserLoginSuccessfully(LoginPage.java:60)
at com.qa.testCases.TC_LoginTest_01.loginTest(TC_LoginTest_01.java:22)
at java.base/java.util.ArrayList.forEach(ArrayList.java:1511)
... Removed 31 stack frames]]>
    </failure>
  </testcase> <!-- loginTest -->
  <testcase classname="com.qa.testCases.TC_CreNewCustomerTest_02" name="createNewCutomer" time="19.827"/>
</testsuite> <!-- Test -->
