<?xml version="1.0" encoding="UTF-8"?>
<testng-results ignored="0" total="1" passed="1" failed="0" skipped="0">
  <reporter-output>
  </reporter-output>
  <suite started-at="2023-05-25T19:13:53 IST" name="Default suite" finished-at="2023-05-25T19:14:24 IST" duration-ms="31795">
    <groups>
    </groups>
    <test started-at="2023-05-25T19:13:53 IST" name="Default test" finished-at="2023-05-25T19:14:24 IST" duration-ms="31795">
      <class name="mytest.Program">
        <test-method is-config="true" signature="setUp()[pri:0, instance:mytest.Program@3c73951]" started-at="2023-05-25T19:13:53 IST" name="setUp" finished-at="2023-05-25T19:13:56 IST" duration-ms="3357" status="PASS">
          <reporter-output>
          </reporter-output>
        </test-method> <!-- setUp -->
        <test-method signature="verifyTitle()[pri:0, instance:mytest.Program@3c73951]" started-at="2023-05-25T19:13:56 IST" name="verifyTitle" description="To verify the tittle page of Google Keep" finished-at="2023-05-25T19:14:24 IST" duration-ms="28264" status="PASS">
          <reporter-output>
          </reporter-output>
        </test-method> <!-- verifyTitle -->
        <test-method is-config="true" signature="tearDown()[pri:0, instance:mytest.Program@3c73951]" started-at="2023-05-25T19:14:24 IST" name="tearDown" finished-at="2023-05-25T19:14:24 IST" duration-ms="138" status="PASS">
          <reporter-output>
          </reporter-output>
        </test-method> <!-- tearDown -->
      </class> <!-- mytest.Program -->
    </test> <!-- Default test -->
  </suite> <!-- Default suite -->
</testng-results>
