<?xml version="1.0" encoding="UTF-8"?>
<testng-results ignored="0" total="1" passed="1" failed="0" skipped="0">
  <reporter-output>
  </reporter-output>
  <suite started-at="2023-06-21T17:50:00 IST" name="Default suite" finished-at="2023-06-21T17:50:17 IST" duration-ms="16788">
    <groups>
    </groups>
    <test started-at="2023-06-21T17:50:00 IST" name="Default test" finished-at="2023-06-21T17:50:17 IST" duration-ms="16788">
      <class name="com.qa.testCases.TC_LoginTest_01">
        <test-method is-config="true" signature="setUp()[pri:0, instance:com.qa.testCases.TC_LoginTest_01@3e11f9e9]" started-at="2023-06-21T17:50:00 IST" name="setUp" finished-at="2023-06-21T17:50:02 IST" duration-ms="1560" status="PASS">
          <reporter-output>
          </reporter-output>
        </test-method> <!-- setUp -->
        <test-method signature="loginTest()[pri:0, instance:com.qa.testCases.TC_LoginTest_01@3e11f9e9]" started-at="2023-06-21T17:50:02 IST" name="loginTest" finished-at="2023-06-21T17:50:17 IST" duration-ms="15073" status="PASS">
          <reporter-output>
          </reporter-output>
        </test-method> <!-- loginTest -->
        <test-method is-config="true" signature="teaDown()[pri:0, instance:com.qa.testCases.TC_LoginTest_01@3e11f9e9]" started-at="2023-06-21T17:50:17 IST" name="teaDown" finished-at="2023-06-21T17:50:17 IST" duration-ms="130" status="PASS">
          <reporter-output>
          </reporter-output>
        </test-method> <!-- teaDown -->
      </class> <!-- com.qa.testCases.TC_LoginTest_01 -->
    </test> <!-- Default test -->
  </suite> <!-- Default suite -->
</testng-results>
